c:\users\utia harold\documents\unrealcourse\section_02\bullcowgame\debug\vc140.pdb
c:\users\utia harold\documents\unrealcourse\section_02\bullcowgame\debug\vc140.idb
c:\users\utia harold\documents\unrealcourse\section_02\bullcowgame\debug\fbullcowgame.obj
c:\users\utia harold\documents\unrealcourse\section_02\bullcowgame\debug\main.obj
c:\users\utia harold\documents\unrealcourse\section_02\debug\bullcowgame.pdb
c:\users\utia harold\documents\unrealcourse\section_02\bullcowgame\debug\bullcowgame.tlog\cl.command.1.tlog
c:\users\utia harold\documents\unrealcourse\section_02\bullcowgame\debug\bullcowgame.tlog\cl.read.1.tlog
c:\users\utia harold\documents\unrealcourse\section_02\bullcowgame\debug\bullcowgame.tlog\cl.write.1.tlog
c:\users\utia harold\documents\unrealcourse\section_02\bullcowgame\debug\bullcowgame.tlog\link-cvtres.read.1.tlog
c:\users\utia harold\documents\unrealcourse\section_02\bullcowgame\debug\bullcowgame.tlog\link-cvtres.write.1.tlog
c:\users\utia harold\documents\unrealcourse\section_02\bullcowgame\debug\bullcowgame.tlog\link-rc.read.1.tlog
c:\users\utia harold\documents\unrealcourse\section_02\bullcowgame\debug\bullcowgame.tlog\link-rc.write.1.tlog
c:\users\utia harold\documents\unrealcourse\section_02\bullcowgame\debug\bullcowgame.tlog\link.6720-cvtres.read.1.tlog
c:\users\utia harold\documents\unrealcourse\section_02\bullcowgame\debug\bullcowgame.tlog\link.6720-cvtres.write.1.tlog
c:\users\utia harold\documents\unrealcourse\section_02\bullcowgame\debug\bullcowgame.tlog\link.6720-rc.read.1.tlog
c:\users\utia harold\documents\unrealcourse\section_02\bullcowgame\debug\bullcowgame.tlog\link.6720-rc.write.1.tlog
c:\users\utia harold\documents\unrealcourse\section_02\bullcowgame\debug\bullcowgame.tlog\link.6720.read.1.tlog
c:\users\utia harold\documents\unrealcourse\section_02\bullcowgame\debug\bullcowgame.tlog\link.6720.write.1.tlog
c:\users\utia harold\documents\unrealcourse\section_02\bullcowgame\debug\bullcowgame.tlog\link.command.1.tlog
c:\users\utia harold\documents\unrealcourse\section_02\bullcowgame\debug\bullcowgame.tlog\link.read.1.tlog
c:\users\utia harold\documents\unrealcourse\section_02\bullcowgame\debug\bullcowgame.tlog\link.write.1.tlog
